This is pdfTeX, Version 3.14159265-2.6-1.40.20 (TeX Live 2019/Debian) (preloaded format=pdflatex 2020.5.14)  4 JUL 2021 16:10
entering extended mode
 restricted \write18 enabled.
 %&-line parsing enabled.
**main.tex
(./main.tex
LaTeX2e <2020-02-02> patch level 2
L3 programming layer <2020-02-14>
(/usr/share/texlive/texmf-dist/tex/latex/base/article.cls
Document Class: article 2019/12/20 v1.4l Standard LaTeX document class
(/usr/share/texlive/texmf-dist/tex/latex/base/size10.clo
File: size10.clo 2019/12/20 v1.4l Standard LaTeX file (size option)
)
\c@part=\count167
\c@section=\count168
\c@subsection=\count169
\c@subsubsection=\count170
\c@paragraph=\count171
\c@subparagraph=\count172
\c@figure=\count173
\c@table=\count174
\abovecaptionskip=\skip47
\belowcaptionskip=\skip48
\bibindent=\dimen134
)
(/usr/share/texlive/texmf-dist/tex/latex/base/inputenc.sty
Package: inputenc 2018/08/11 v1.3c Input encoding file
\inpenc@prehook=\toks14
\inpenc@posthook=\toks15
)
(/usr/share/texlive/texmf-dist/tex/latex/amsmath/amsmath.sty
Package: amsmath 2020/01/20 v2.17e AMS math features
\@mathmargin=\skip49

For additional information on amsmath, use the `?' option.
(/usr/share/texlive/texmf-dist/tex/latex/amsmath/amstext.sty
Package: amstext 2000/06/29 v2.01 AMS text

(/usr/share/texlive/texmf-dist/tex/latex/amsmath/amsgen.sty
File: amsgen.sty 1999/11/30 v2.0 generic functions
\@emptytoks=\toks16
\ex@=\dimen135
))
(/usr/share/texlive/texmf-dist/tex/latex/amsmath/amsbsy.sty
Package: amsbsy 1999/11/29 v1.2d Bold Symbols
\pmbraise@=\dimen136
)
(/usr/share/texlive/texmf-dist/tex/latex/amsmath/amsopn.sty
Package: amsopn 2016/03/08 v2.02 operator names
)
\inf@bad=\count175
LaTeX Info: Redefining \frac on input line 227.
\uproot@=\count176
\leftroot@=\count177
LaTeX Info: Redefining \overline on input line 389.
\classnum@=\count178
\DOTSCASE@=\count179
LaTeX Info: Redefining \ldots on input line 486.
LaTeX Info: Redefining \dots on input line 489.
LaTeX Info: Redefining \cdots on input line 610.
\Mathstrutbox@=\box45
\strutbox@=\box46
\big@size=\dimen137
LaTeX Font Info:    Redeclaring font encoding OML on input line 733.
LaTeX Font Info:    Redeclaring font encoding OMS on input line 734.
\macc@depth=\count180
\c@MaxMatrixCols=\count181
\dotsspace@=\muskip16
\c@parentequation=\count182
\dspbrk@lvl=\count183
\tag@help=\toks17
\row@=\count184
\column@=\count185
\maxfields@=\count186
\andhelp@=\toks18
\eqnshift@=\dimen138
\alignsep@=\dimen139
\tagshift@=\dimen140
\tagwidth@=\dimen141
\totwidth@=\dimen142
\lineht@=\dimen143
\@envbody=\toks19
\multlinegap=\skip50
\multlinetaggap=\skip51
\mathdisplay@stack=\toks20
LaTeX Info: Redefining \[ on input line 2859.
LaTeX Info: Redefining \] on input line 2860.
)
(/usr/share/texlive/texmf-dist/tex/latex/amsfonts/amssymb.sty
Package: amssymb 2013/01/14 v3.01 AMS font symbols

(/usr/share/texlive/texmf-dist/tex/latex/amsfonts/amsfonts.sty
Package: amsfonts 2013/01/14 v3.01 Basic AMSFonts support
\symAMSa=\mathgroup4
\symAMSb=\mathgroup5
LaTeX Font Info:    Redeclaring math symbol \hbar on input line 98.
LaTeX Font Info:    Overwriting math alphabet `\mathfrak' in version `bold'
(Font)                  U/euf/m/n --> U/euf/b/n on input line 106.
))
(/usr/share/texlive/texmf-dist/tex/latex/graphics/graphicx.sty
Package: graphicx 2019/11/30 v1.2a Enhanced LaTeX Graphics (DPC,SPQR)

(/usr/share/texlive/texmf-dist/tex/latex/graphics/keyval.sty
Package: keyval 2014/10/28 v1.15 key=value parser (DPC)
\KV@toks@=\toks21
)
(/usr/share/texlive/texmf-dist/tex/latex/graphics/graphics.sty
Package: graphics 2019/11/30 v1.4a Standard LaTeX Graphics (DPC,SPQR)

(/usr/share/texlive/texmf-dist/tex/latex/graphics/trig.sty
Package: trig 2016/01/03 v1.10 sin cos tan (DPC)
)
(/usr/share/texlive/texmf-dist/tex/latex/graphics-cfg/graphics.cfg
File: graphics.cfg 2016/06/04 v1.11 sample graphics configuration
)
Package graphics Info: Driver file: pdftex.def on input line 105.

(/usr/share/texlive/texmf-dist/tex/latex/graphics-def/pdftex.def
File: pdftex.def 2018/01/08 v1.0l Graphics/color driver for pdftex
))
\Gin@req@height=\dimen144
\Gin@req@width=\dimen145
)
(/usr/share/texlive/texmf-dist/tex/generic/babel/babel.sty
Package: babel 2020/02/14 3.40 The Babel package

(/usr/share/texlive/texmf-dist/tex/generic/babel/switch.def
File: switch.def 2020/02/14 3.40 Babel switching mechanism
)
(/usr/share/texlive/texmf-dist/tex/generic/babel-english/english.ldf
Language: english 2017/06/06 v3.3r English support from the babel system

(/usr/share/texlive/texmf-dist/tex/generic/babel/babel.def
File: babel.def 2020/02/14 3.40 Babel common definitions
\babel@savecnt=\count187
\U@D=\dimen146

(/usr/share/texlive/texmf-dist/tex/generic/babel/txtbabel.def)
\bbl@readstream=\read2
\bbl@dirlevel=\count188
)
Package babel Info: \l@canadian = using hyphenrules for english
(babel)             (\language0) on input line 102.
Package babel Info: \l@australian = using hyphenrules for ukenglish
(babel)             (\language26) on input line 105.
Package babel Info: \l@newzealand = using hyphenrules for ukenglish
(babel)             (\language26) on input line 108.
))
(/usr/share/texlive/texmf-dist/tex/latex/l3backend/l3backend-pdfmode.def
File: l3backend-pdfmode.def 2020-02-03 L3 backend support: PDF mode
\l__kernel_color_stack_int=\count189
\l__pdf_internal_box=\box47
)
(./main.aux)
\openout1 = `main.aux'.

LaTeX Font Info:    Checking defaults for OML/cmm/m/it on input line 19.
LaTeX Font Info:    ... okay on input line 19.
LaTeX Font Info:    Checking defaults for OMS/cmsy/m/n on input line 19.
LaTeX Font Info:    ... okay on input line 19.
LaTeX Font Info:    Checking defaults for OT1/cmr/m/n on input line 19.
LaTeX Font Info:    ... okay on input line 19.
LaTeX Font Info:    Checking defaults for T1/cmr/m/n on input line 19.
LaTeX Font Info:    ... okay on input line 19.
LaTeX Font Info:    Checking defaults for TS1/cmr/m/n on input line 19.
LaTeX Font Info:    ... okay on input line 19.
LaTeX Font Info:    Checking defaults for OMX/cmex/m/n on input line 19.
LaTeX Font Info:    ... okay on input line 19.
LaTeX Font Info:    Checking defaults for U/cmr/m/n on input line 19.
LaTeX Font Info:    ... okay on input line 19.
 (/usr/share/texlive/texmf-dist/tex/context/base/mkii/supp-pdf.mkii
[Loading MPS to PDF converter (version 2006.09.02).]
\scratchcounter=\count190
\scratchdimen=\dimen147
\scratchbox=\box48
\nofMPsegments=\count191
\nofMParguments=\count192
\everyMPshowfont=\toks22
\MPscratchCnt=\count193
\MPscratchDim=\dimen148
\MPnumerator=\count194
\makeMPintoPDFobject=\count195
\everyMPtoPDFconversion=\toks23
) (/usr/share/texlive/texmf-dist/tex/latex/epstopdf-pkg/epstopdf-base.sty
Package: epstopdf-base 2020-01-24 v2.11 Base part for package epstopdf
Package epstopdf-base Info: Redefining graphics rule for `.eps' on input line 4
85.

(/usr/share/texlive/texmf-dist/tex/latex/latexconfig/epstopdf-sys.cfg
File: epstopdf-sys.cfg 2010/07/13 v1.3 Configuration of (r)epstopdf for TeX Liv
e
))
LaTeX Font Info:    Trying to load font information for U+msa on input line 22.


(/usr/share/texlive/texmf-dist/tex/latex/amsfonts/umsa.fd
File: umsa.fd 2013/01/14 v3.01 AMS symbols A
)
LaTeX Font Info:    Trying to load font information for U+msb on input line 22.


(/usr/share/texlive/texmf-dist/tex/latex/amsfonts/umsb.fd
File: umsb.fd 2013/01/14 v3.01 AMS symbols B
) [1

{/var/lib/texmf/fonts/map/pdftex/updmap/pdftex.map}] [2]
Overfull \hbox (42.80199pt too wide) in paragraph at lines 99--127
 [] 
 []

[3]
Overfull \hbox (17.97638pt too wide) detected at line 164
[] \OMS/cmsy/m/n/10 ^^@ [] \OT1/cmr/m/n/10 = \OML/cmm/m/it/10 []D[]Y[] \OT1/cm
r/m/n/10 + \OML/cmm/m/it/10 ^^L[]D[]Y[] \OT1/cmr/m/n/10 + \OML/cmm/m/it/10 ^^M[
]D[]X[] \OT1/cmr/m/n/10 + \OML/cmm/m/it/10 U[]X[] \OT1/cmr/m/n/10 + \OML/cmm/m/
it/10 e[];  U[] \OT1/cmr/m/n/10 = \OML/cmm/m/it/10 S[] \OMS/cmsy/m/n/10 ^^@ \OM
L/cmm/m/it/10 S[]:
 []

[4]

LaTeX Warning: Command \textasciiacute invalid in math mode on input line 171.


LaTeX Warning: Command \textasciiacute invalid in math mode on input line 171.

Missing character: There is no ´ in font cmr7!
[5] [6]
Overfull \hbox (80.24521pt too wide) in paragraph at lines 268--283
 [] 
 []

Package epstopdf Info: Source file: <fdcoef.eps>
(epstopdf)                    date: 2021-07-02 09:56:27
(epstopdf)                    size: 32108 bytes
(epstopdf)             Output file: <fdcoef-eps-converted-to.pdf>
(epstopdf)                    date: 2021-07-02 10:04:10
(epstopdf)                    size: 16129 bytes
(epstopdf)             Command: <repstopdf --outfile=fdcoef-eps-converted-to.pd
f fdcoef.eps>
(epstopdf)             \includegraphics on input line 303.
Package epstopdf Info: Output file is already uptodate.
<fdcoef-eps-converted-to.pdf, id=43, 455.7025pt x 255.95625pt>
File: fdcoef-eps-converted-to.pdf Graphic file (type pdf)
<use fdcoef-eps-converted-to.pdf>
Package pdftex.def Info: fdcoef-eps-converted-to.pdf  used on input line 303.
(pdftex.def)             Requested size: 113.81102pt x 63.9225pt.
Package epstopdf Info: Source file: <sdcoef.eps>
(epstopdf)                    date: 2021-07-02 09:56:45
(epstopdf)                    size: 33161 bytes
(epstopdf)             Output file: <sdcoef-eps-converted-to.pdf>
(epstopdf)                    date: 2021-07-02 10:04:10
(epstopdf)                    size: 16309 bytes
(epstopdf)             Command: <repstopdf --outfile=sdcoef-eps-converted-to.pd
f sdcoef.eps>
(epstopdf)             \includegraphics on input line 305.
Package epstopdf Info: Output file is already uptodate.
<sdcoef-eps-converted-to.pdf, id=44, 455.7025pt x 255.95625pt>
File: sdcoef-eps-converted-to.pdf Graphic file (type pdf)
<use sdcoef-eps-converted-to.pdf>
Package pdftex.def Info: sdcoef-eps-converted-to.pdf  used on input line 305.
(pdftex.def)             Requested size: 113.81102pt x 63.9225pt.
Package epstopdf Info: Source file: <seccoef.eps>
(epstopdf)                    date: 2021-07-02 09:56:54
(epstopdf)                    size: 32075 bytes
(epstopdf)             Output file: <seccoef-eps-converted-to.pdf>
(epstopdf)                    date: 2021-07-02 10:04:10
(epstopdf)                    size: 16139 bytes
(epstopdf)             Command: <repstopdf --outfile=seccoef-eps-converted-to.p
df seccoef.eps>
(epstopdf)             \includegraphics on input line 307.
Package epstopdf Info: Output file is already uptodate.
<seccoef-eps-converted-to.pdf, id=45, 460.72125pt x 258.9675pt>
File: seccoef-eps-converted-to.pdf Graphic file (type pdf)
<use seccoef-eps-converted-to.pdf>
Package pdftex.def Info: seccoef-eps-converted-to.pdf  used on input line 307.
(pdftex.def)             Requested size: 113.81102pt x 63.97116pt.

Overfull \hbox (32.4331pt too wide) in paragraph at lines 301--309
 [] 
 []

[7]
Overfull \hbox (38.65117pt too wide) in paragraph at lines 319--329
 [] 
 []

Package epstopdf Info: Source file: <coefs.eps>
(epstopdf)                    date: 2021-07-02 10:28:47
(epstopdf)                    size: 41282 bytes
(epstopdf)             Output file: <coefs-eps-converted-to.pdf>
(epstopdf)                    date: 2021-07-02 10:32:53
(epstopdf)                    size: 20406 bytes
(epstopdf)             Command: <repstopdf --outfile=coefs-eps-converted-to.pdf
 coefs.eps>
(epstopdf)             \includegraphics on input line 336.
Package epstopdf Info: Output file is already uptodate.
<coefs-eps-converted-to.pdf, id=50, 455.7025pt x 255.95625pt>
File: coefs-eps-converted-to.pdf Graphic file (type pdf)
<use coefs-eps-converted-to.pdf>
Package pdftex.def Info: coefs-eps-converted-to.pdf  used on input line 336.
(pdftex.def)             Requested size: 199.16928pt x 111.87122pt.
Package epstopdf Info: Source file: <rhofa.eps>
(epstopdf)                    date: 2021-07-02 11:26:16
(epstopdf)                    size: 63111 bytes
(epstopdf)             Output file: <rhofa-eps-converted-to.pdf>
(epstopdf)                    date: 2021-07-02 11:29:44
(epstopdf)                    size: 29314 bytes
(epstopdf)             Command: <repstopdf --outfile=rhofa-eps-converted-to.pdf
 rhofa.eps>
(epstopdf)             \includegraphics on input line 347.
Package epstopdf Info: Output file is already uptodate.
<rhofa-eps-converted-to.pdf, id=51, 455.7025pt x 255.95625pt>
File: rhofa-eps-converted-to.pdf Graphic file (type pdf)
<use rhofa-eps-converted-to.pdf>
Package pdftex.def Info: rhofa-eps-converted-to.pdf  used on input line 347.
(pdftex.def)             Requested size: 113.81102pt x 63.9225pt.
Package epstopdf Info: Source file: <rhosa.eps>
(epstopdf)                    date: 2021-07-02 11:26:26
(epstopdf)                    size: 39715 bytes
(epstopdf)             Output file: <rhosa-eps-converted-to.pdf>
(epstopdf)                    date: 2021-07-02 11:29:45
(epstopdf)                    size: 21631 bytes
(epstopdf)             Command: <repstopdf --outfile=rhosa-eps-converted-to.pdf
 rhosa.eps>
(epstopdf)             \includegraphics on input line 347.
Package epstopdf Info: Output file is already uptodate.
<rhosa-eps-converted-to.pdf, id=52, 455.7025pt x 255.95625pt>
File: rhosa-eps-converted-to.pdf Graphic file (type pdf)
<use rhosa-eps-converted-to.pdf>
Package pdftex.def Info: rhosa-eps-converted-to.pdf  used on input line 347.
(pdftex.def)             Requested size: 113.81102pt x 63.9225pt.
Package epstopdf Info: Source file: <rhoseca.eps>
(epstopdf)                    date: 2021-07-02 13:02:35
(epstopdf)                    size: 39893 bytes
(epstopdf)             Output file: <rhoseca-eps-converted-to.pdf>
(epstopdf)                    date: 2021-07-02 13:07:22
(epstopdf)                    size: 21711 bytes
(epstopdf)             Command: <repstopdf --outfile=rhoseca-eps-converted-to.p
df rhoseca.eps>
(epstopdf)             \includegraphics on input line 347.
Package epstopdf Info: Output file is already uptodate.
<rhoseca-eps-converted-to.pdf, id=53, 455.7025pt x 255.95625pt>
File: rhoseca-eps-converted-to.pdf Graphic file (type pdf)
<use rhoseca-eps-converted-to.pdf>
Package pdftex.def Info: rhoseca-eps-converted-to.pdf  used on input line 347.
(pdftex.def)             Requested size: 113.81102pt x 63.9225pt.
Package epstopdf Info: Source file: <rhof.eps>
(epstopdf)                    date: 2021-07-02 11:25:40
(epstopdf)                    size: 65660 bytes
(epstopdf)             Output file: <rhof-eps-converted-to.pdf>
(epstopdf)                    date: 2021-07-02 11:29:45
(epstopdf)                    size: 31107 bytes
(epstopdf)             Command: <repstopdf --outfile=rhof-eps-converted-to.pdf 
rhof.eps>
(epstopdf)             \includegraphics on input line 348.
Package epstopdf Info: Output file is already uptodate.
<rhof-eps-converted-to.pdf, id=54, 455.7025pt x 255.95625pt>
File: rhof-eps-converted-to.pdf Graphic file (type pdf)
<use rhof-eps-converted-to.pdf>
Package pdftex.def Info: rhof-eps-converted-to.pdf  used on input line 348.
(pdftex.def)             Requested size: 113.81102pt x 63.9225pt.
Package epstopdf Info: Source file: <rhos.eps>
(epstopdf)                    date: 2021-07-02 11:25:53
(epstopdf)                    size: 65660 bytes
(epstopdf)             Output file: <rhos-eps-converted-to.pdf>
(epstopdf)                    date: 2021-07-02 11:29:45
(epstopdf)                    size: 30979 bytes
(epstopdf)             Command: <repstopdf --outfile=rhos-eps-converted-to.pdf 
rhos.eps>
(epstopdf)             \includegraphics on input line 348.
Package epstopdf Info: Output file is already uptodate.
<rhos-eps-converted-to.pdf, id=55, 455.7025pt x 255.95625pt>
File: rhos-eps-converted-to.pdf Graphic file (type pdf)
<use rhos-eps-converted-to.pdf>
Package pdftex.def Info: rhos-eps-converted-to.pdf  used on input line 348.
(pdftex.def)             Requested size: 113.81102pt x 63.9225pt.
Package epstopdf Info: Source file: <rhosec.eps>
(epstopdf)                    date: 2021-07-02 15:04:55
(epstopdf)                    size: 66368 bytes
(epstopdf)             Output file: <rhosec-eps-converted-to.pdf>
(epstopdf)                    date: 2021-07-02 15:08:56
(epstopdf)                    size: 30908 bytes
(epstopdf)             Command: <repstopdf --outfile=rhosec-eps-converted-to.pd
f rhosec.eps>
(epstopdf)             \includegraphics on input line 348.
Package epstopdf Info: Output file is already uptodate.
<rhosec-eps-converted-to.pdf, id=56, 455.7025pt x 255.95625pt>
File: rhosec-eps-converted-to.pdf Graphic file (type pdf)
<use rhosec-eps-converted-to.pdf>
Package pdftex.def Info: rhosec-eps-converted-to.pdf  used on input line 348.
(pdftex.def)             Requested size: 113.81102pt x 63.9225pt.

Overfull \hbox (32.4331pt too wide) in paragraph at lines 345--350
[][] 
 []

[8 <./fdcoef-eps-converted-to.pdf> <./sdcoef-eps-converted-to.pdf> <./seccoef-e
ps-converted-to.pdf>] [9 <./coefs-eps-converted-to.pdf> <./rhofa-eps-converted-
to.pdf> <./rhosa-eps-converted-to.pdf> <./rhoseca-eps-converted-to.pdf> <./rhof
-eps-converted-to.pdf> <./rhos-eps-converted-to.pdf> <./rhosec-eps-converted-to
.pdf>] [10]
Overfull \hbox (50.7773pt too wide) in paragraph at lines 400--425
 [] 
 []


Overfull \hbox (50.7773pt too wide) in paragraph at lines 435--460
[] 
 []

[11] [12]
Overfull \hbox (6.13971pt too wide) in paragraph at lines 461--471
[][] 
 []

[13] (./main.aux) ) 
Here is how much of TeX's memory you used:
 3003 strings out of 482295
 40192 string characters out of 5940336
 299379 words of memory out of 5000000
 18064 multiletter control sequences out of 15000+600000
 542796 words of font info for 64 fonts, out of 8000000 for 9000
 473 hyphenation exceptions out of 8191
 30i,12n,31p,1473b,348s stack positions out of 5000i,500n,10000p,200000b,80000s
 </home/martin/.texlive2019/texmf-var/fonts/pk/ljfour/jknapp
en/ec/tcrm0600.600pk> </home/martin/.texlive2019/texmf-var/fonts/pk/ljfour/jkna
ppen/ec/tcrm1000.600pk> </home/martin/.texlive2019/texmf-var/fonts/pk/ljfour/jk
nappen/ec/tcrm0800.600pk></usr/share/texlive/texmf-dist/fonts/type1/public/amsf
onts/cm/cmbx12.pfb></usr/share/texlive/texmf-dist/fonts/type1/public/amsfonts/c
m/cmex10.pfb></usr/share/texlive/texmf-dist/fonts/type1/public/amsfonts/cm/cmmi
10.pfb></usr/share/texlive/texmf-dist/fonts/type1/public/amsfonts/cm/cmmi5.pfb>
</usr/share/texlive/texmf-dist/fonts/type1/public/amsfonts/cm/cmmi6.pfb></usr/s
hare/texlive/texmf-dist/fonts/type1/public/amsfonts/cm/cmmi7.pfb></usr/share/te
xlive/texmf-dist/fonts/type1/public/amsfonts/cm/cmmi9.pfb></usr/share/texlive/t
exmf-dist/fonts/type1/public/amsfonts/cm/cmr10.pfb></usr/share/texlive/texmf-di
st/fonts/type1/public/amsfonts/cm/cmr12.pfb></usr/share/texlive/texmf-dist/font
s/type1/public/amsfonts/cm/cmr17.pfb></usr/share/texlive/texmf-dist/fonts/type1
/public/amsfonts/cm/cmr5.pfb></usr/share/texlive/texmf-dist/fonts/type1/public/
amsfonts/cm/cmr6.pfb></usr/share/texlive/texmf-dist/fonts/type1/public/amsfonts
/cm/cmr7.pfb></usr/share/texlive/texmf-dist/fonts/type1/public/amsfonts/cm/cmr8
.pfb></usr/share/texlive/texmf-dist/fonts/type1/public/amsfonts/cm/cmr9.pfb></u
sr/share/texlive/texmf-dist/fonts/type1/public/amsfonts/cm/cmsy10.pfb></usr/sha
re/texlive/texmf-dist/fonts/type1/public/amsfonts/cm/cmsy5.pfb></usr/share/texl
ive/texmf-dist/fonts/type1/public/amsfonts/cm/cmsy7.pfb></usr/share/texlive/tex
mf-dist/fonts/type1/public/amsfonts/cm/cmsy9.pfb></usr/share/texlive/texmf-dist
/fonts/type1/public/amsfonts/cm/cmti10.pfb></usr/share/texlive/texmf-dist/fonts
/type1/public/amsfonts/symbols/msbm10.pfb>
Output written on main.pdf (13 pages, 469318 bytes).
PDF statistics:
 177 PDF objects out of 1000 (max. 8388607)
 126 compressed objects within 2 object streams
 0 named destinations out of 1000 (max. 500000)
 51 words of extra memory for PDF output out of 10000 (max. 10000000)

